build/outputs/logs/manifest-merger-debug-report.txt
-- Merging decision tree log ---
manifest
ADDED from TestProject\AndroidManifest.xml:2:1-31:12
	xmlns:android
		ADDED from TestProject\AndroidManifest.xml:2:11-69
	package
		ADDED from TestProject\AndroidManifest.xml:3:5-43
	android:versionName
		ADDED from TestProject\AndroidManifest.xml:5:5-30
		INJECTED from TestProject\AndroidManifest.xml
		INJECTED from TestProject\AndroidManifest.xml
	android:versionCode
		ADDED from TestProject\AndroidManifest.xml:4:5-28
		INJECTED from TestProject\AndroidManifest.xml
		INJECTED from TestProject\AndroidManifest.xml
uses-sdk
ADDED from TestProject\AndroidManifest.xml:7:5-9:41
	android:targetSdkVersion
		ADDED from TestProject\AndroidManifest.xml:9:9-38
	android:minSdkVersion
		ADDED from TestProject\AndroidManifest.xml:8:9-35
uses-permission#android.permission.INTERNET
ADDED from TestProject\AndroidManifest.xml:10:5-66
	android:name
		ADDED from TestProject\AndroidManifest.xml:10:22-64
uses-permission#android.permission.READ_EXTERNAL_STORAGE
ADDED from TestProject\AndroidManifest.xml:11:5-79
	android:name
		ADDED from TestProject\AndroidManifest.xml:11:22-77
uses-permission#android.permission.WRITE_EXTERNAL_STORAGE
ADDED from TestProject\AndroidManifest.xml:12:5-80
	android:name
		ADDED from TestProject\AndroidManifest.xml:12:22-78
application
ADDED from TestProject\AndroidManifest.xml:14:5-29:19
	android:label
		ADDED from TestProject\AndroidManifest.xml:17:9-41
	android:allowBackup
		ADDED from TestProject\AndroidManifest.xml:15:9-35
	android:icon
		ADDED from TestProject\AndroidManifest.xml:16:9-42
	android:theme
		ADDED from TestProject\AndroidManifest.xml:19:9-40
	android:name
		ADDED from TestProject\AndroidManifest.xml:18:9-38
activity#com.kii.android.sdk.tutorial.MainActivity
ADDED from TestProject\AndroidManifest.xml:20:9-28:20
	android:label
		ADDED from TestProject\AndroidManifest.xml:22:13-45
	android:name
		ADDED from TestProject\AndroidManifest.xml:21:13-69
intent-filter#android.intent.action.MAIN+android.intent.category.LAUNCHER
ADDED from TestProject\AndroidManifest.xml:23:13-27:29
action#android.intent.action.MAIN
ADDED from TestProject\AndroidManifest.xml:24:17-69
	android:name
		ADDED from TestProject\AndroidManifest.xml:24:25-66
category#android.intent.category.LAUNCHER
ADDED from TestProject\AndroidManifest.xml:26:17-77
	android:name
		ADDED from TestProject\AndroidManifest.xml:26:27-74